13:11:51  database()),1,1)),16,2)),1,1)=1
13:11:53  database()),1,1)),16,2)),2,1)=1
13:11:55  database()),1,1)),16,2)),3,1)=1
13:11:55  database()),1,1)),16,2)),4,1)=1
13:11:55  database()),1,1)),16,2)),5,1)=1
13:11:55  database()),1,1)),16,2)),6,1)=1
13:11:57  database()),1,1)),16,2)),7,1)=1
13:11:59  database()),2,1)),16,2)),1,1)=1
13:11:59  database()),2,1)),16,2)),2,1)=1
13:11:59  database()),2,1)),16,2)),3,1)=1
13:11:59  database()),2,1)),16,2)),4,1)=1
13:12:01  database()),2,1)),16,2)),5,1)=1
13:12:01  database()),2,1)),16,2)),6,1)=1
13:12:03  database()),2,1)),16,2)),7,1)=1
13:12:05  database()),3,1)),16,2)),1,1)=1
13:12:07  database()),3,1)),16,2)),2,1)=1
13:12:07  database()),3,1)),16,2)),3,1)=1
13:12:07  database()),3,1)),16,2)),4,1)=1
13:12:07  database()),3,1)),16,2)),5,1)=1
13:12:07  database()),3,1)),16,2)),6,1)=1
13:12:09  database()),3,1)),16,2)),7,1)=1
13:12:11  database()),4,1)),16,2)),1,1)=1
13:12:11  database()),4,1)),16,2)),2,1)=1
13:12:13  database()),4,1)),16,2)),3,1)=1
13:12:13  database()),4,1)),16,2)),4,1)=1
13:12:13  database()),4,1)),16,2)),5,1)=1
13:12:15  database()),4,1)),16,2)),6,1)=1
13:12:17  database()),4,1)),16,2)),7,1)=1
13:12:19  database()),5,1)),16,2)),1,1)=1
13:12:19  database()),5,1)),16,2)),2,1)=1
13:12:19  database()),5,1)),16,2)),3,1)=1
13:12:21  database()),5,1)),16,2)),4,1)=1
13:12:21  database()),5,1)),16,2)),5,1)=1
13:12:23  database()),5,1)),16,2)),6,1)=1
13:12:25  database()),5,1)),16,2)),7,1)=1
13:12:27  database()),6,1)),16,2)),1,1)=1
13:12:29  database()),6,1)),16,2)),2,1)=1
13:12:31  database()),6,1)),16,2)),3,1)=1
13:12:33  database()),6,1)),16,2)),4,1)=1
13:12:35  database()),6,1)),16,2)),5,1)=1
13:12:37  database()),6,1)),16,2)),6,1)=1
13:12:37  database()),6,1)),16,2)),7,1)=1
13:12:39  database()),7,1)),16,2)),1,1)=1
13:12:39  database()),7,1)),16,2)),2,1)=1
13:12:39  database()),7,1)),16,2)),3,1)=1
13:12:41  database()),7,1)),16,2)),4,1)=1
13:12:41  database()),7,1)),16,2)),5,1)=1
13:12:41  database()),7,1)),16,2)),6,1)=1
13:12:43  database()),7,1)),16,2)),7,1)=1
13:12:45  database()),8,1)),16,2)),1,1)=1
13:12:45  database()),8,1)),16,2)),2,1)=1
13:12:47  database()),8,1)),16,2)),3,1)=1
13:12:47  database()),8,1)),16,2)),4,1)=1
13:12:47  database()),8,1)),16,2)),5,1)=1
13:12:47  database()),8,1)),16,2)),6,1)=1
13:12:49  database()),8,1)),16,2)),7,1)=1
13:12:51  database()),9,1)),16,2)),1,1)=1
13:12:51  database()),9,1)),16,2)),2,1)=1
13:12:51  database()),9,1)),16,2)),3,1)=1
13:12:51  database()),9,1)),16,2)),4,1)=1
13:12:51  database()),9,1)),16,2)),5,1)=1
13:12:51  database()),9,1)),16,2)),6,1)=1
13:12:51  database()),9,1)),16,2)),7,1)=1
13:13:20  GROUP_CONCAT(table_name)  1,1)),16,2)),1,1)=1
13:13:20  GROUP_CONCAT(table_name)  1,1)),16,2)),2,1)=1
13:13:22  GROUP_CONCAT(table_name)  1,1)),16,2)),3,1)=1
13:13:24  GROUP_CONCAT(table_name)  1,1)),16,2)),4,1)=1
13:13:24  GROUP_CONCAT(table_name)  1,1)),16,2)),5,1)=1
13:13:24  GROUP_CONCAT(table_name)  1,1)),16,2)),6,1)=1
13:13:26  GROUP_CONCAT(table_name)  1,1)),16,2)),7,1)=1
13:13:28  GROUP_CONCAT(table_name)  2,1)),16,2)),1,1)=1
13:13:28  GROUP_CONCAT(table_name)  2,1)),16,2)),2,1)=1
13:13:28  GROUP_CONCAT(table_name)  2,1)),16,2)),3,1)=1
13:13:30  GROUP_CONCAT(table_name)  2,1)),16,2)),4,1)=1
13:13:32  GROUP_CONCAT(table_name)  2,1)),16,2)),5,1)=1
13:13:32  GROUP_CONCAT(table_name)  2,1)),16,2)),6,1)=1
13:13:34  GROUP_CONCAT(table_name)  2,1)),16,2)),7,1)=1
13:13:36  GROUP_CONCAT(table_name)  3,1)),16,2)),1,1)=1
13:13:38  GROUP_CONCAT(table_name)  3,1)),16,2)),2,1)=1
13:13:38  GROUP_CONCAT(table_name)  3,1)),16,2)),3,1)=1
13:13:38  GROUP_CONCAT(table_name)  3,1)),16,2)),4,1)=1
13:13:38  GROUP_CONCAT(table_name)  3,1)),16,2)),5,1)=1
13:13:38  GROUP_CONCAT(table_name)  3,1)),16,2)),6,1)=1
13:13:40  GROUP_CONCAT(table_name)  3,1)),16,2)),7,1)=1
13:13:42  GROUP_CONCAT(table_name)  4,1)),16,2)),1,1)=1
13:13:44  GROUP_CONCAT(table_name)  4,1)),16,2)),2,1)=1
13:13:46  GROUP_CONCAT(table_name)  4,1)),16,2)),3,1)=1
13:13:48  GROUP_CONCAT(table_name)  4,1)),16,2)),4,1)=1
13:13:48  GROUP_CONCAT(table_name)  4,1)),16,2)),5,1)=1
13:13:48  GROUP_CONCAT(table_name)  4,1)),16,2)),6,1)=1
13:13:50  GROUP_CONCAT(table_name)  4,1)),16,2)),7,1)=1
13:13:52  GROUP_CONCAT(table_name)  5,1)),16,2)),1,1)=1
13:13:52  GROUP_CONCAT(table_name)  5,1)),16,2)),2,1)=1
13:13:52  GROUP_CONCAT(table_name)  5,1)),16,2)),3,1)=1
13:13:54  GROUP_CONCAT(table_name)  5,1)),16,2)),4,1)=1
13:13:56  GROUP_CONCAT(table_name)  5,1)),16,2)),5,1)=1
13:13:56  GROUP_CONCAT(table_name)  5,1)),16,2)),6,1)=1
13:13:58  GROUP_CONCAT(table_name)  5,1)),16,2)),7,1)=1
13:13:58  GROUP_CONCAT(table_name)  6,1)),16,2)),1,1)=1
13:14:00  GROUP_CONCAT(table_name)  6,1)),16,2)),2,1)=1
13:14:00  GROUP_CONCAT(table_name)  6,1)),16,2)),3,1)=1
13:14:12 0x666c6167),1,1)),16,2)),1,1)=1
13:14:12 0x666c6167),1,1)),16,2)),2,1)=1
13:14:14 0x666c6167),1,1)),16,2)),3,1)=1
13:14:16 0x666c6167),1,1)),16,2)),4,1)=1
13:14:16 0x666c6167),1,1)),16,2)),5,1)=1
13:14:16 0x666c6167),1,1)),16,2)),6,1)=1
13:14:18 0x666c6167),1,1)),16,2)),7,1)=1
13:14:20 0x666c6167),2,1)),16,2)),1,1)=1
13:14:20 0x666c6167),2,1)),16,2)),2,1)=1
13:14:20 0x666c6167),2,1)),16,2)),3,1)=1
13:14:22 0x666c6167),2,1)),16,2)),4,1)=1
13:14:24 0x666c6167),2,1)),16,2)),5,1)=1
13:14:24 0x666c6167),2,1)),16,2)),6,1)=1
13:14:26 0x666c6167),2,1)),16,2)),7,1)=1
13:14:28 0x666c6167),3,1)),16,2)),1,1)=1
13:14:30 0x666c6167),3,1)),16,2)),2,1)=1
13:14:30 0x666c6167),3,1)),16,2)),3,1)=1
13:14:30 0x666c6167),3,1)),16,2)),4,1)=1
13:14:30 0x666c6167),3,1)),16,2)),5,1)=1
13:14:30 0x666c6167),3,1)),16,2)),6,1)=1
13:14:32 0x666c6167),3,1)),16,2)),7,1)=1
13:14:34 0x666c6167),4,1)),16,2)),1,1)=1
13:14:36 0x666c6167),4,1)),16,2)),2,1)=1
13:14:39 0x666c6167),4,1)),16,2)),3,1)=1
13:14:41 0x666c6167),4,1)),16,2)),4,1)=1
13:14:41 0x666c6167),4,1)),16,2)),5,1)=1
13:14:41 0x666c6167),4,1)),16,2)),6,1)=1
13:14:43 0x666c6167),4,1)),16,2)),7,1)=1
13:14:45 0x666c6167),5,1)),16,2)),1,1)=1
13:14:45 0x666c6167),5,1)),16,2)),2,1)=1
13:14:45 0x666c6167),5,1)),16,2)),3,1)=1
13:14:45 0x666c6167),5,1)),16,2)),4,1)=1
13:14:45 0x666c6167),5,1)),16,2)),5,1)=1
13:14:45 0x666c6167),5,1)),16,2)),6,1)=1
13:14:45 0x666c6167),5,1)),16,2)),7,1)=1
13:15:03 flag ,1,1)),16,2)),1,1)=1
13:15:05 flag ,1,1)),16,2)),2,1)=1
13:15:05 flag ,1,1)),16,2)),3,1)=1
13:15:05 flag ,1,1)),16,2)),4,1)=1
13:15:05 flag ,1,1)),16,2)),5,1)=1
13:15:05 flag ,1,1)),16,2)),6,1)=1
13:15:05 flag ,1,1)),16,2)),7,1)=1
13:15:07 flag ,2,1)),16,2)),1,1)=1
13:15:09 flag ,2,1)),16,2)),2,1)=1
13:15:11 flag ,2,1)),16,2)),3,1)=1
13:15:11 flag ,2,1)),16,2)),4,1)=1
13:15:11 flag ,2,1)),16,2)),5,1)=1
13:15:11 flag ,2,1)),16,2)),6,1)=1
13:15:11 flag ,2,1)),16,2)),7,1)=1
13:15:13 flag ,3,1)),16,2)),1,1)=1
13:15:13 flag ,3,1)),16,2)),2,1)=1
13:15:13 flag ,3,1)),16,2)),3,1)=1
13:15:15 flag ,3,1)),16,2)),4,1)=1
13:15:15 flag ,3,1)),16,2)),5,1)=1
13:15:17 flag ,3,1)),16,2)),6,1)=1
13:15:17 flag ,3,1)),16,2)),7,1)=1
13:15:19 flag ,4,1)),16,2)),1,1)=1
13:15:19 flag ,4,1)),16,2)),2,1)=1
13:15:21 flag ,4,1)),16,2)),3,1)=1
13:15:23 flag ,4,1)),16,2)),4,1)=1
13:15:23 flag ,4,1)),16,2)),5,1)=1
13:15:23 flag ,4,1)),16,2)),6,1)=1
13:15:23 flag ,4,1)),16,2)),7,1)=1
13:15:25 flag ,5,1)),16,2)),1,1)=1
13:15:27 flag ,5,1)),16,2)),2,1)=1
13:15:29 flag ,5,1)),16,2)),3,1)=1
13:15:29 flag ,5,1)),16,2)),4,1)=1
13:15:31 flag ,5,1)),16,2)),5,1)=1
13:15:33 flag ,5,1)),16,2)),6,1)=1
13:15:35 flag ,5,1)),16,2)),7,1)=1
13:15:37 flag ,6,1)),16,2)),1,1)=1
13:15:39 flag ,6,1)),16,2)),2,1)=1
13:15:39 flag ,6,1)),16,2)),3,1)=1
13:15:39 flag ,6,1)),16,2)),4,1)=1
13:15:42 flag ,6,1)),16,2)),5,1)=1
13:15:44 flag ,6,1)),16,2)),6,1)=1
13:15:44 flag ,6,1)),16,2)),7,1)=1
13:15:46 flag ,7,1)),16,2)),1,1)=1
13:15:46 flag ,7,1)),16,2)),2,1)=1
13:15:46 flag ,7,1)),16,2)),3,1)=1
13:15:46 flag ,7,1)),16,2)),4,1)=1
13:15:46 flag ,7,1)),16,2)),5,1)=1
13:15:50 flag ,7,1)),16,2)),6,1)=1
13:15:56 flag ,7,1)),16,2)),7,1)=1
13:15:56 flag ,8,1)),16,2)),1,1)=1
13:15:58 flag ,8,1)),16,2)),2,1)=1
13:15:58 flag ,8,1)),16,2)),3,1)=1
13:16:00 flag ,8,1)),16,2)),4,1)=1
13:16:00 flag ,8,1)),16,2)),5,1)=1
13:16:02 flag ,8,1)),16,2)),6,1)=1
13:16:04 flag ,8,1)),16,2)),7,1)=1
13:16:06 flag ,9,1)),16,2)),1,1)=1
13:16:08 flag ,9,1)),16,2)),2,1)=1
13:16:10 flag ,9,1)),16,2)),3,1)=1
13:16:12 flag ,9,1)),16,2)),4,1)=1
13:16:14 flag ,9,1)),16,2)),5,1)=1
13:16:16 flag ,9,1)),16,2)),6,1)=1
13:16:16 flag ,9,1)),16,2)),7,1)=1
13:16:18 flag ,10,1)),16,2)),1,1)=1
13:16:18 flag ,10,1)),16,2)),2,1)=1
13:16:20 flag ,10,1)),16,2)),3,1)=1
13:16:20 flag ,10,1)),16,2)),4,1)=1
13:16:20 flag ,10,1)),16,2)),5,1)=1
13:16:22 flag ,10,1)),16,2)),6,1)=1
13:16:22 flag ,10,1)),16,2)),7,1)=1
13:16:24 flag ,11,1)),16,2)),1,1)=1
13:16:26 flag ,11,1)),16,2)),2,1)=1
13:16:28 flag ,11,1)),16,2)),3,1)=1
13:16:30 flag ,11,1)),16,2)),4,1)=1
13:16:32 flag ,11,1)),16,2)),5,1)=1
13:16:34 flag ,11,1)),16,2)),6,1)=1
13:16:34 flag ,11,1)),16,2)),7,1)=1
13:16:36 flag ,12,1)),16,2)),1,1)=1
13:16:38 flag ,12,1)),16,2)),2,1)=1
13:16:40 flag ,12,1)),16,2)),3,1)=1
13:16:42 flag ,12,1)),16,2)),4,1)=1
13:16:42 flag ,12,1)),16,2)),5,1)=1
13:16:42 flag ,12,1)),16,2)),6,1)=1
13:16:42 flag ,12,1)),16,2)),7,1)=1
13:16:44 flag ,13,1)),16,2)),1,1)=1
13:16:44 flag ,13,1)),16,2)),2,1)=1
13:16:44 flag ,13,1)),16,2)),3,1)=1
13:16:44 flag ,13,1)),16,2)),4,1)=1
13:16:44 flag ,13,1)),16,2)),5,1)=1
13:16:46 flag ,13,1)),16,2)),6,1)=1
13:16:48 flag ,13,1)),16,2)),7,1)=1
13:16:48 flag ,14,1)),16,2)),1,1)=1
13:16:48 flag ,14,1)),16,2)),2,1)=1
13:16:48 flag ,14,1)),16,2)),3,1)=1
13:16:48 flag ,14,1)),16,2)),4,1)=1
13:16:48 flag ,14,1)),16,2)),5,1)=1
13:16:50 flag ,14,1)),16,2)),6,1)=1
13:16:52 flag ,14,1)),16,2)),7,1)=1
13:16:52 flag ,15,1)),16,2)),1,1)=1
13:16:52 flag ,15,1)),16,2)),2,1)=1
13:16:52 flag ,15,1)),16,2)),3,1)=1
13:16:54 flag ,15,1)),16,2)),4,1)=1
13:16:54 flag ,15,1)),16,2)),5,1)=1
13:16:54 flag ,15,1)),16,2)),6,1)=1
13:16:56 flag ,15,1)),16,2)),7,1)=1
13:16:58 flag ,16,1)),16,2)),1,1)=1
13:17:00 flag ,16,1)),16,2)),2,1)=1
13:17:02 flag ,16,1)),16,2)),3,1)=1
13:17:04 flag ,16,1)),16,2)),4,1)=1
13:17:06 flag ,16,1)),16,2)),5,1)=1
13:17:08 flag ,16,1)),16,2)),6,1)=1
13:17:08 flag ,16,1)),16,2)),7,1)=1
13:17:10 flag ,17,1)),16,2)),1,1)=1
13:17:10 flag ,17,1)),16,2)),2,1)=1
13:17:10 flag ,17,1)),16,2)),3,1)=1
13:17:10 flag ,17,1)),16,2)),4,1)=1
13:17:10 flag ,17,1)),16,2)),5,1)=1
13:17:10 flag ,17,1)),16,2)),6,1)=1
13:17:10 flag ,17,1)),16,2)),7,1)=1
13:17:12 flag ,18,1)),16,2)),1,1)=1
13:17:14 flag ,18,1)),16,2)),2,1)=1
13:17:16 flag ,18,1)),16,2)),3,1)=1
13:17:18 flag ,18,1)),16,2)),4,1)=1
13:17:20 flag ,18,1)),16,2)),5,1)=1
13:17:22 flag ,18,1)),16,2)),6,1)=1
13:17:22 flag ,18,1)),16,2)),7,1)=1
13:17:24 flag ,19,1)),16,2)),1,1)=1
13:17:26 flag ,19,1)),16,2)),2,1)=1
13:17:28 flag ,19,1)),16,2)),3,1)=1
13:17:28 flag ,19,1)),16,2)),4,1)=1
13:17:28 flag ,19,1)),16,2)),5,1)=1
13:17:30 flag ,19,1)),16,2)),6,1)=1
13:17:30 flag ,19,1)),16,2)),7,1)=1
13:17:32 flag ,20,1)),16,2)),1,1)=1
13:17:34 flag ,20,1)),16,2)),2,1)=1
13:17:36 flag ,20,1)),16,2)),3,1)=1
13:17:36 flag ,20,1)),16,2)),4,1)=1
13:17:36 flag ,20,1)),16,2)),5,1)=1
13:17:36 flag ,20,1)),16,2)),6,1)=1
13:17:38 flag ,20,1)),16,2)),7,1)=1
13:17:40 flag ,21,1)),16,2)),1,1)=1
13:17:40 flag ,21,1)),16,2)),2,1)=1
13:17:42 flag ,21,1)),16,2)),3,1)=1
13:17:42 flag ,21,1)),16,2)),4,1)=1
13:17:42 flag ,21,1)),16,2)),5,1)=1
13:17:44 flag ,21,1)),16,2)),6,1)=1
13:17:46 flag ,21,1)),16,2)),7,1)=1
13:17:48 flag ,22,1)),16,2)),1,1)=1
13:17:50 flag ,22,1)),16,2)),2,1)=1
13:17:50 flag ,22,1)),16,2)),3,1)=1
13:17:50 flag ,22,1)),16,2)),4,1)=1
13:17:50 flag ,22,1)),16,2)),5,1)=1
13:17:52 flag ,22,1)),16,2)),6,1)=1
13:17:54 flag ,22,1)),16,2)),7,1)=1
13:17:54 flag ,23,1)),16,2)),1,1)=1
13:17:54 flag ,23,1)),16,2)),2,1)=1
13:17:54 flag ,23,1)),16,2)),3,1)=1
13:17:54 flag ,23,1)),16,2)),4,1)=1
13:17:54 flag ,23,1)),16,2)),5,1)=1
13:17:56 flag ,23,1)),16,2)),6,1)=1
13:17:58 flag ,23,1)),16,2)),7,1)=1
13:18:00 flag ,24,1)),16,2)),1,1)=1
13:18:00 flag ,24,1)),16,2)),2,1)=1
13:18:00 flag ,24,1)),16,2)),3,1)=1
13:18:02 flag ,24,1)),16,2)),4,1)=1
13:18:02 flag ,24,1)),16,2)),5,1)=1
13:18:04 flag ,24,1)),16,2)),6,1)=1
13:18:06 flag ,24,1)),16,2)),7,1)=1
13:18:08 flag ,25,1)),16,2)),1,1)=1
13:18:10 flag ,25,1)),16,2)),2,1)=1
13:18:10 flag ,25,1)),16,2)),3,1)=1
13:18:10 flag ,25,1)),16,2)),4,1)=1
13:18:12 flag ,25,1)),16,2)),5,1)=1
13:18:12 flag ,25,1)),16,2)),6,1)=1
13:18:14 flag ,25,1)),16,2)),7,1)=1
13:18:16 flag ,26,1)),16,2)),1,1)=1
13:18:16 flag ,26,1)),16,2)),2,1)=1
13:18:18 flag ,26,1)),16,2)),3,1)=1
13:18:20 flag ,26,1)),16,2)),4,1)=1
13:18:22 flag ,26,1)),16,2)),5,1)=1
13:18:22 flag ,26,1)),16,2)),6,1)=1
13:18:24 flag ,26,1)),16,2)),7,1)=1
13:18:26 flag ,27,1)),16,2)),1,1)=1
13:18:28 flag ,27,1)),16,2)),2,1)=1
13:18:30 flag ,27,1)),16,2)),3,1)=1
13:18:32 flag ,27,1)),16,2)),4,1)=1
13:18:32 flag ,27,1)),16,2)),5,1)=1
13:18:32 flag ,27,1)),16,2)),6,1)=1
13:18:34 flag ,27,1)),16,2)),7,1)=1
13:18:36 flag ,28,1)),16,2)),1,1)=1
13:18:38 flag ,28,1)),16,2)),2,1)=1
13:18:38 flag ,28,1)),16,2)),3,1)=1
13:18:40 flag ,28,1)),16,2)),4,1)=1
13:18:42 flag ,28,1)),16,2)),5,1)=1
13:18:42 flag ,28,1)),16,2)),6,1)=1
13:18:44 flag ,28,1)),16,2)),7,1)=1
13:18:44 flag ,29,1)),16,2)),1,1)=1
13:18:44 flag ,29,1)),16,2)),2,1)=1
13:18:44 flag ,29,1)),16,2)),3,1)=1
13:18:46 flag ,29,1)),16,2)),4,1)=1
13:18:46 flag ,29,1)),16,2)),5,1)=1
13:18:46 flag ,29,1)),16,2)),6,1)=1
13:18:48 flag ,29,1)),16,2)),7,1)=1
13:18:48 flag ,30,1)),16,2)),1,1)=1
13:18:48 flag ,30,1)),16,2)),2,1)=1
13:18:50 flag ,30,1)),16,2)),3,1)=1
13:18:50 flag ,30,1)),16,2)),4,1)=1
13:18:50 flag ,30,1)),16,2)),5,1)=1
13:18:52 flag ,30,1)),16,2)),6,1)=1
13:18:52 flag ,30,1)),16,2)),7,1)=1
13:18:52 flag ,31,1)),16,2)),1,1)=1
13:18:52 flag ,31,1)),16,2)),2,1)=1
13:18:52 flag ,31,1)),16,2)),3,1)=1
13:18:52 flag ,31,1)),16,2)),4,1)=1
13:18:52 flag ,31,1)),16,2)),5,1)=1
13:18:52 flag ,31,1)),16,2)),6,1)=1
13:18:52 flag ,31,1)),16,2)),7,1)=1
13:18:54 flag ,32,1)),16,2)),1,1)=1
13:18:54 flag ,32,1)),16,2)),2,1)=1
13:18:54 flag ,32,1)),16,2)),3,1)=1
13:18:54 flag ,32,1)),16,2)),4,1)=1
13:18:54 flag ,32,1)),16,2)),5,1)=1
13:18:57 flag ,32,1)),16,2)),6,1)=1
13:18:59 flag ,32,1)),16,2)),7,1)=1
13:18:59 flag ,33,1)),16,2)),1,1)=1
13:18:59 flag ,33,1)),16,2)),2,1)=1
13:18:59 flag ,33,1)),16,2)),3,1)=1
13:19:01 flag ,33,1)),16,2)),4,1)=1
13:19:01 flag ,33,1)),16,2)),5,1)=1
13:19:03 flag ,33,1)),16,2)),6,1)=1
13:19:05 flag ,33,1)),16,2)),7,1)=1
13:19:05 flag ,34,1)),16,2)),1,1)=1
13:19:05 flag ,34,1)),16,2)),2,1)=1
13:19:05 flag ,34,1)),16,2)),3,1)=1
13:19:05 flag ,34,1)),16,2)),4,1)=1
13:19:07 flag ,34,1)),16,2)),5,1)=1
13:19:09 flag ,34,1)),16,2)),6,1)=1
13:19:11 flag ,34,1)),16,2)),7,1)=1
13:19:11 flag ,35,1)),16,2)),1,1)=1
13:19:11 flag ,35,1)),16,2)),2,1)=1
13:19:11 flag ,35,1)),16,2)),3,1)=1
13:19:11 flag ,35,1)),16,2)),4,1)=1
13:19:11 flag ,35,1)),16,2)),5,1)=1
13:19:13 flag ,35,1)),16,2)),6,1)=1
13:19:15 flag ,35,1)),16,2)),7,1)=1
13:19:15 flag ,36,1)),16,2)),1,1)=1
13:19:17 flag ,36,1)),16,2)),2,1)=1
13:19:19 flag ,36,1)),16,2)),3,1)=1
13:19:21 flag ,36,1)),16,2)),4,1)=1
13:19:23 flag ,36,1)),16,2)),5,1)=1
13:19:23 flag ,36,1)),16,2)),6,1)=1
13:19:25 flag ,36,1)),16,2)),7,1)=1
13:19:27 flag ,37,1)),16,2)),1,1)=1
13:19:29 flag ,37,1)),16,2)),2,1)=1
13:19:31 flag ,37,1)),16,2)),3,1)=1
13:19:33 flag ,37,1)),16,2)),4,1)=1
13:19:33 flag ,37,1)),16,2)),5,1)=1
13:19:33 flag ,37,1)),16,2)),6,1)=1
13:19:35 flag ,37,1)),16,2)),7,1)=1
13:19:37 flag ,38,1)),16,2)),1,1)=1
13:19:39 flag ,38,1)),16,2)),2,1)=1
13:19:39 flag ,38,1)),16,2)),3,1)=1
13:19:41 flag ,38,1)),16,2)),4,1)=1
13:19:43 flag ,38,1)),16,2)),5,1)=1
13:19:45 flag ,38,1)),16,2)),6,1)=1
13:19:47 flag ,38,1)),16,2)),7,1)=1